#-----------------------------------------------------------
# Vivado v2015.3 (64-bit)
# SW Build 1368829 on Mon Sep 28 20:06:43 MDT 2015
# IP Build 1367837 on Mon Sep 28 08:56:14 MDT 2015
# Start of session at: Wed Apr 27 09:37:34 2016
# Process ID: 2284
# Current directory: C:/Users/hromalik/Documents/fall2015/Research Paper/xapp1026/XAPP1026/KC705_AxiEth_150MHZ_64KB/HW/RAMcontroller
# Command line: vivado.exe -gui_launcher_event rodinguilauncherevent4696 C:\Users\hromalik\Documents\fall2015\Research Paper\xapp1026\XAPP1026\KC705_AxiEth_150MHZ_64KB\HW\RAMcontroller\RAMcontroller.xpr
# Log file: C:/Users/hromalik/Documents/fall2015/Research Paper/xapp1026/XAPP1026/KC705_AxiEth_150MHZ_64KB/HW/RAMcontroller/vivado.log
# Journal file: C:/Users/hromalik/Documents/fall2015/Research Paper/xapp1026/XAPP1026/KC705_AxiEth_150MHZ_64KB/HW/RAMcontroller\vivado.jou
#-----------------------------------------------------------
start_gui
open_project {C:/Users/hromalik/Documents/fall2015/Research Paper/xapp1026/XAPP1026/KC705_AxiEth_150MHZ_64KB/HW/RAMcontroller/RAMcontroller.xpr}
INFO: [ProjectBase 1-489] The host OS only allows 260 characters in a normal path. The project is stored in a path with more than 80 characters. If you experience issues with IP, Block Designs, or files not being found, please consider moving the project to a location with a shorter path. Alternately consider using the OS subst command to map part of the path to a drive letter.
Current project path is 'C:/Users/hromalik/Documents/fall2015/Research Paper/xapp1026/XAPP1026/KC705_AxiEth_150MHZ_64KB/HW/RAMcontroller'
Scanning sources...
Finished scanning sources
INFO: [IP_Flow 19-234] Refreshing IP repositories
INFO: [IP_Flow 19-1704] No user IP repositories specified
INFO: [IP_Flow 19-2313] Loaded Vivado IP repository 'C:/Xilinx/Vivado/2015.3/data/ip'.
open_project: Time (s): cpu = 00:00:12 ; elapsed = 00:00:12 . Memory (MB): peak = 510.020 ; gain = 96.195
open_hw
connect_hw_server
INFO: [Labtools 27-2285] Connecting to hw_server url TCP:localhost:3121
INFO: [Labtools 27-2222] Launching hw_server...
INFO: [Labtools 27-2221] Launch Output:

****** Xilinx hw_server v2015.3
  **** Build date : Sep 28 2015-20:29:55
    ** Copyright 1986-1999, 2001-2015 Xilinx, Inc. All Rights Reserved.


ERROR: [Labtoolstcl 44-26] No hardware targets exist on the server [localhost]
Check to make sure the cable targets connected to this machine are properly connected
and powered up, then use the disconnect_hw_server and connect_hw_server commands
to re-register the hardware targets.
disconnect_hw_server localhost:3121
INFO: [Labtools 27-2285] Connecting to hw_server url TCP:localhost:3121
ERROR: [Labtoolstcl 44-26] No hardware targets exist on the server [TCP:localhost:3121]
Check to make sure the cable targets connected to this machine are properly connected
and powered up, then use the disconnect_hw_server and connect_hw_server commands
to re-register the hardware targets.
connect_hw_server
INFO: [Labtools 27-2285] Connecting to hw_server url TCP:localhost:3121
INFO: [Labtools 27-2222] Launching hw_server...
INFO: [Labtools 27-2221] Launch Output:

****** Xilinx hw_server v2015.3
  **** Build date : Sep 28 2015-20:29:55
    ** Copyright 1986-1999, 2001-2015 Xilinx, Inc. All Rights Reserved.


ERROR: [Labtoolstcl 44-26] No hardware targets exist on the server [localhost]
Check to make sure the cable targets connected to this machine are properly connected
and powered up, then use the disconnect_hw_server and connect_hw_server commands
to re-register the hardware targets.
disconnect_hw_server localhost:3121
connect_hw_server
INFO: [Labtools 27-2285] Connecting to hw_server url TCP:localhost:3121
open_hw_target
INFO: [Labtoolstcl 44-466] Opening hw_target localhost:3121/xilinx_tcf/Digilent/210274675414A
set_property PROGRAM.FILE {C:/Users/hromalik/Documents/fall2015/Research Paper/xapp1026/XAPP1026/KC705_AxiEth_150MHZ_64KB/HW/RAMcontroller/RAMcontroller.runs/impl_1/display_num.bit} [lindex [get_hw_devices] 0]
current_hw_device [lindex [get_hw_devices] 0]
refresh_hw_device -update_hw_probes false [lindex [get_hw_devices] 0]
INFO: [Labtools 27-1434] Device xc7a100t (JTAG device index = 0) is programmed with a design that has no supported debug core(s) in it.
WARNING: [Labtools 27-3123] The debug hub core was not detected at User Scan Chain 1 or 3.
Resolution: 
1. Make sure the clock connected to the debug hub (dbg_hub) core is a free running clock and is active OR
2. Manually launch hw_server with -e "set xsdb-user-bscan <C_USER_SCAN_CHAIN scan_chain_number>" to detect the debug hub at User Scan Chain of 2 or 4. To determine the user scan chain setting, open the implemented design and use: get_property C_USER_SCAN_CHAIN [get_debug_cores dbg_hub].
set_property PROBES.FILE {} [lindex [get_hw_devices] 0]
set_property PROGRAM.FILE {C:/Users/hromalik/Documents/fall2015/Research Paper/xapp1026/XAPP1026/KC705_AxiEth_150MHZ_64KB/HW/RAMcontroller/RAMcontroller.runs/impl_1/display_num.bit} [lindex [get_hw_devices] 0]
program_hw_devices [lindex [get_hw_devices] 0]
INFO: [Labtools 27-3164] End of startup status: HIGH
refresh_hw_device [lindex [get_hw_devices] 0]
INFO: [Labtools 27-1434] Device xc7a100t (JTAG device index = 0) is programmed with a design that has no supported debug core(s) in it.
WARNING: [Labtools 27-3123] The debug hub core was not detected at User Scan Chain 1 or 3.
Resolution: 
1. Make sure the clock connected to the debug hub (dbg_hub) core is a free running clock and is active OR
2. Manually launch hw_server with -e "set xsdb-user-bscan <C_USER_SCAN_CHAIN scan_chain_number>" to detect the debug hub at User Scan Chain of 2 or 4. To determine the user scan chain setting, open the implemented design and use: get_property C_USER_SCAN_CHAIN [get_debug_cores dbg_hub].
exit
INFO: [Common 17-206] Exiting Vivado at Wed Apr 27 09:42:53 2016...
