Vivado Simulator 2015.4
Time resolution is 1 ps
Branch Passed
CB1 Passed
CB2 Passed
Immediate1 Passed
Immediate2 Passed
LS1 Passed
LS2 Passed
Branch Passed
CB1 Passed
CB2 Passed
Immediate1 Passed
Immediate2 Passed
LS1 Passed
LS2 Passed
Branch Passed
CB1 Passed
CB2 Passed
Immediate1 Passed
Immediate2 Passed
LS1 Passed
LS2 Passed
Branch Passed
CB1 Passed
CB2 Passed
Immediate1 Passed
Immediate2 Passed
LS1 Passed
LS2 Passed
Branch Passed
CB1 Passed
CB2 Passed
Immediate1 Passed
Immediate2 Passed
LS1 Passed
LS2 Passed
Branch Passed
CB1 Passed
CB2 Passed
Immediate1 Passed
Immediate2 Passed
LS1 Passed
LS2 Passed
Branch Passed
CB1 Passed
CB2 Passed
Immediate1 Passed
Immediate2 Passed
LS1 Passed
LS2 Passed
Branch Passed
CB1 Passed
CB2 Passed
Immediate1 Passed
Immediate2 Passed
LS1 Passed
LS2 Passed
Branch Passed
CB1 Passed
CB2 Passed
Immediate1 Passed
Immediate2 Passed
LS1 Passed
LS2 Passed
Branch Passed
CB1 Passed
CB2 Passed
Immediate1 Passed
Immediate2 Passed
LS1 Passed
LS2 Passed
Branch Passed
CB1 Passed
CB2 Passed
Immediate1 Passed
Immediate2 Passed
LS1 Passed
LS2 Passed
Branch Passed
CB1 Passed
CB2 Passed
Immediate1 Passed
Immediate2 Passed
LS1 Passed
LS2 Passed
Branch Passed
CB1 Passed
CB2 Passed
Immediate1 Passed
Immediate2 Passed
LS1 Passed
LS2 Passed
Branch Passed
CB1 Passed
CB2 Passed
Immediate1 Passed
Immediate2 Passed
LS1 Passed
LS2 Passed
Branch Passed
CB1 Passed
